<?xml version="1.0" encoding="UTF-8"?>
<testsuite name="WordCountTest" tests="1" skipped="0" failures="0" errors="0" timestamp="2023-03-20T11:16:16" hostname="MacBook-Pro-di-Nicolo.local" time="0.166">
  <properties/>
  <testcase name="quotations are allowed" classname="WordCountTest" time="0.166"/>
  <system-out><![CDATA[]]></system-out>
  <system-err><![CDATA[]]></system-err>
</testsuite>
