<?xml version="1.0" encoding="UTF-8"?>
<testsuite name="ReactTest" tests="1" skipped="0" failures="0" errors="0" timestamp="2023-03-22T18:53:05" hostname="MBP-di-Nicolo.homenet.telecomitalia.it" time="0.028">
  <properties/>
  <testcase name="inputCellsHaveValue" classname="ReactTest" time="0.028"/>
  <system-out><![CDATA[]]></system-out>
  <system-err><![CDATA[]]></system-err>
</testsuite>
