<?xml version="1.0" encoding="UTF-8"?>
<testsuite name="ReactTest" tests="1" skipped="0" failures="0" errors="0" timestamp="2023-03-18T16:54:31" hostname="MBP-di-Nicolo.homenet.telecomitalia.it" time="0.024">
  <properties/>
  <testcase name="inputCellsHaveValue" classname="ReactTest" time="0.024"/>
  <system-out><![CDATA[]]></system-out>
  <system-err><![CDATA[]]></system-err>
</testsuite>
